========================================================================================
Report      : WARNING
Date        : Tue Apr 18 12:20:46 PDT 2017
Description : Did not install signal handlers to cleanup resources.
              To ensure cleanup for Java applications, the path to the 'jsig' library
              (libjsig.so) must be set in the LD_PRELOAD environment variable.
              This library is part of your Java distribution.
              To ensure proper cleanup set this before starting your application.
Node        : Rivendell
Process     : java <9870>
Thread      : main thread 7f53fe711700
Internals   : V6.4.140320OSS/24b1387/24b1387/OS abstraction layer/os_signalHandler.c/107/0/1492543246.348924566
========================================================================================
Report      : INFO
Date        : Tue Apr 18 12:20:46 PDT 2017
Description : u_domainNew:Database allocated on heap
Node        : Rivendell
Process     : java <9870>
Thread      : spliced 7f5420085700
Internals   : V6.4.140320OSS/24b1387/24b1387/user::u_domain::u_domainNew/u_domain.c/706/0/1492543246.356717628
========================================================================================
Report      : INFO
Date        : Tue Apr 18 12:20:46 PDT 2017
Description : ---------------------------------------------------------------
              -- The service is using the following configuration settings --
              ---------------------------------------------------------------
              Domain (id)          : ospl_sp_ddsi (0)
              Storage              : 10240 Kbytes
              Storage threshold    : 1024 Kbytes
              Storage address      : Not available
              Locking              : default
              Memory mode          : Heap memory
              Builtin topics       : true
              Priority inheritance : false
Node        : Rivendell
Process     : java <9870>
Thread      : spliced 7f5420085700
Internals   : V6.4.140320OSS/24b1387/24b1387/The OpenSplice domain service/u_domain.c/827/0/1492543246.360351350
========================================================================================
Report      : INFO
Date        : Tue Apr 18 12:20:46 PDT 2017
Description : ++++++++++++++++++++++++++++++++++++++++++++++++
              ++ The service 'splicedaemon' is now operational. 
              ++++++++++++++++++++++++++++++++++++++++++++++++
Node        : Rivendell
Process     : java <9870>
Thread      : spliced 7f5420085700
Internals   : V6.4.140320OSS/24b1387/24b1387/v_serviceChangeState/v_service.c/329/0/1492543246.360869980
========================================================================================
Report      : INFO
Date        : Tue Apr 18 12:20:46 PDT 2017
Description : SOAP service is reachable via port 40168
Node        : Rivendell
Process     : java <9870>
Thread      : cmsoap 7f53fd0dd700
Internals   : V6.4.140320OSS/24b1387/24b1387/CM SOAP Service/cms_service.c/410/0/1492543246.361689502
========================================================================================
Report      : INFO
Date        : Tue Apr 18 12:20:46 PDT 2017
Description : ++++++++++++++++++++++++++++++++++++++++++++++++
              ++ The service 'cmsoap' is now operational. 
              ++++++++++++++++++++++++++++++++++++++++++++++++
Node        : Rivendell
Process     : java <9870>
Thread      : cmsoap 7f53fd0dd700
Internals   : V6.4.140320OSS/24b1387/24b1387/v_serviceChangeState/v_service.c/329/0/1492543246.361825132
========================================================================================
Report      : INFO
Date        : Tue Apr 18 12:20:46 PDT 2017
Description : ++++++++++++++++++++++++++++++++++++++++++++++++
              ++ The service 'ddsi2' is now operational. 
              ++++++++++++++++++++++++++++++++++++++++++++++++
Node        : Rivendell
Process     : java <9870>
Thread      : ddsi2 7f53fca0c700
Internals   : V6.4.140320OSS/24b1387/24b1387/v_serviceChangeState/v_service.c/329/0/1492543246.377521745
========================================================================================
Report      : INFO
Date        : Tue Apr 18 12:20:46 PDT 2017
Description : The durability service can by identified by ID: 363331136
Node        : Rivendell
Process     : java <9870>
Thread      : durability 7f53fcd7e700
Internals   : V6.4.140320OSS/24b1387/24b1387/DurabilityService/d_durability.c/476/0/1492543246.583885285
========================================================================================
Report      : INFO
Date        : Tue Apr 18 12:20:53 PDT 2017
Description : ++++++++++++++++++++++++++++++++++++++++++++++++
              ++ The service 'durability' is now operational. 
              ++++++++++++++++++++++++++++++++++++++++++++++++
Node        : Rivendell
Process     : java <9870>
Thread      : durability 7f53fcd7e700
Internals   : V6.4.140320OSS/24b1387/24b1387/v_serviceChangeState/v_service.c/329/0/1492543253.591751717
========================================================================================
Report      : WARNING
Date        : Tue Apr 18 12:21:38 PDT 2017
Description : Did not install signal handlers to cleanup resources.
              To ensure cleanup for Java applications, the path to the 'jsig' library
              (libjsig.so) must be set in the LD_PRELOAD environment variable.
              This library is part of your Java distribution.
              To ensure proper cleanup set this before starting your application.
Node        : Rivendell
Process     : java <10118>
Thread      : main thread 7fa257fff700
Internals   : V6.4.140320OSS/24b1387/24b1387/OS abstraction layer/os_signalHandler.c/107/0/1492543298.989275726
========================================================================================
Report      : INFO
Date        : Tue Apr 18 12:21:38 PDT 2017
Description : u_domainNew:Database allocated on heap
Node        : Rivendell
Process     : java <10118>
Thread      : spliced 7fa27409b700
Internals   : V6.4.140320OSS/24b1387/24b1387/user::u_domain::u_domainNew/u_domain.c/706/0/1492543298.995654302
========================================================================================
Report      : INFO
Date        : Tue Apr 18 12:21:39 PDT 2017
Description : ---------------------------------------------------------------
              -- The service is using the following configuration settings --
              ---------------------------------------------------------------
              Domain (id)          : ospl_sp_ddsi (0)
              Storage              : 10240 Kbytes
              Storage threshold    : 1024 Kbytes
              Storage address      : Not available
              Locking              : default
              Memory mode          : Heap memory
              Builtin topics       : true
              Priority inheritance : false
Node        : Rivendell
Process     : java <10118>
Thread      : spliced 7fa27409b700
Internals   : V6.4.140320OSS/24b1387/24b1387/The OpenSplice domain service/u_domain.c/827/0/1492543299.001457948
========================================================================================
Report      : INFO
Date        : Tue Apr 18 12:21:39 PDT 2017
Description : ++++++++++++++++++++++++++++++++++++++++++++++++
              ++ The service 'splicedaemon' is now operational. 
              ++++++++++++++++++++++++++++++++++++++++++++++++
Node        : Rivendell
Process     : java <10118>
Thread      : spliced 7fa27409b700
Internals   : V6.4.140320OSS/24b1387/24b1387/v_serviceChangeState/v_service.c/329/0/1492543299.002218107
========================================================================================
Report      : INFO
Date        : Tue Apr 18 12:21:39 PDT 2017
Description : SOAP service is reachable via port 35435
Node        : Rivendell
Process     : java <10118>
Thread      : cmsoap 7fa2569cb700
Internals   : V6.4.140320OSS/24b1387/24b1387/CM SOAP Service/cms_service.c/410/0/1492543299.003067645
========================================================================================
Report      : INFO
Date        : Tue Apr 18 12:21:39 PDT 2017
Description : ++++++++++++++++++++++++++++++++++++++++++++++++
              ++ The service 'cmsoap' is now operational. 
              ++++++++++++++++++++++++++++++++++++++++++++++++
Node        : Rivendell
Process     : java <10118>
Thread      : cmsoap 7fa2569cb700
Internals   : V6.4.140320OSS/24b1387/24b1387/v_serviceChangeState/v_service.c/329/0/1492543299.003241852
========================================================================================
Report      : INFO
Date        : Tue Apr 18 12:21:39 PDT 2017
Description : ++++++++++++++++++++++++++++++++++++++++++++++++
              ++ The service 'ddsi2' is now operational. 
              ++++++++++++++++++++++++++++++++++++++++++++++++
Node        : Rivendell
Process     : java <10118>
Thread      : ddsi2 7fa2562fa700
Internals   : V6.4.140320OSS/24b1387/24b1387/v_serviceChangeState/v_service.c/329/0/1492543299.005798902
========================================================================================
Report      : INFO
Date        : Tue Apr 18 12:21:39 PDT 2017
Description : The durability service can by identified by ID: 1460074533
Node        : Rivendell
Process     : java <10118>
Thread      : durability 7fa25666c700
Internals   : V6.4.140320OSS/24b1387/24b1387/DurabilityService/d_durability.c/476/0/1492543299.008811920
========================================================================================
Report      : INFO
Date        : Tue Apr 18 12:21:46 PDT 2017
Description : ++++++++++++++++++++++++++++++++++++++++++++++++
              ++ The service 'durability' is now operational. 
              ++++++++++++++++++++++++++++++++++++++++++++++++
Node        : Rivendell
Process     : java <10118>
Thread      : durability 7fa25666c700
Internals   : V6.4.140320OSS/24b1387/24b1387/v_serviceChangeState/v_service.c/329/0/1492543306.017195408
========================================================================================
Report      : WARNING
Date        : Tue Apr 18 12:23:42 PDT 2017
Description : Did not install signal handlers to cleanup resources.
              To ensure cleanup for Java applications, the path to the 'jsig' library
              (libjsig.so) must be set in the LD_PRELOAD environment variable.
              This library is part of your Java distribution.
              To ensure proper cleanup set this before starting your application.
Node        : Rivendell
Process     : java <10256>
Thread      : main thread 7f8f601d1700
Internals   : V6.4.140320OSS/24b1387/24b1387/OS abstraction layer/os_signalHandler.c/107/0/1492543422.880243964
========================================================================================
Report      : INFO
Date        : Tue Apr 18 12:23:42 PDT 2017
Description : u_domainNew:Database allocated on heap
Node        : Rivendell
Process     : java <10256>
Thread      : spliced 7f8f78022700
Internals   : V6.4.140320OSS/24b1387/24b1387/user::u_domain::u_domainNew/u_domain.c/706/0/1492543422.887996803
========================================================================================
Report      : INFO
Date        : Tue Apr 18 12:23:42 PDT 2017
Description : ---------------------------------------------------------------
              -- The service is using the following configuration settings --
              ---------------------------------------------------------------
              Domain (id)          : ospl_sp_ddsi (0)
              Storage              : 10240 Kbytes
              Storage threshold    : 1024 Kbytes
              Storage address      : Not available
              Locking              : default
              Memory mode          : Heap memory
              Builtin topics       : true
              Priority inheritance : false
Node        : Rivendell
Process     : java <10256>
Thread      : spliced 7f8f78022700
Internals   : V6.4.140320OSS/24b1387/24b1387/The OpenSplice domain service/u_domain.c/827/0/1492543422.891773032
========================================================================================
Report      : INFO
Date        : Tue Apr 18 12:23:42 PDT 2017
Description : ++++++++++++++++++++++++++++++++++++++++++++++++
              ++ The service 'splicedaemon' is now operational. 
              ++++++++++++++++++++++++++++++++++++++++++++++++
Node        : Rivendell
Process     : java <10256>
Thread      : spliced 7f8f78022700
Internals   : V6.4.140320OSS/24b1387/24b1387/v_serviceChangeState/v_service.c/329/0/1492543422.892308056
========================================================================================
Report      : INFO
Date        : Tue Apr 18 12:23:42 PDT 2017
Description : SOAP service is reachable via port 33597
Node        : Rivendell
Process     : java <10256>
Thread      : cmsoap 7f8f0ec4f700
Internals   : V6.4.140320OSS/24b1387/24b1387/CM SOAP Service/cms_service.c/410/0/1492543422.893220230
========================================================================================
Report      : INFO
Date        : Tue Apr 18 12:23:42 PDT 2017
Description : ++++++++++++++++++++++++++++++++++++++++++++++++
              ++ The service 'cmsoap' is now operational. 
              ++++++++++++++++++++++++++++++++++++++++++++++++
Node        : Rivendell
Process     : java <10256>
Thread      : cmsoap 7f8f0ec4f700
Internals   : V6.4.140320OSS/24b1387/24b1387/v_serviceChangeState/v_service.c/329/0/1492543422.893461618
========================================================================================
Report      : INFO
Date        : Tue Apr 18 12:23:42 PDT 2017
Description : ++++++++++++++++++++++++++++++++++++++++++++++++
              ++ The service 'ddsi2' is now operational. 
              ++++++++++++++++++++++++++++++++++++++++++++++++
Node        : Rivendell
Process     : java <10256>
Thread      : ddsi2 7f8f0e57e700
Internals   : V6.4.140320OSS/24b1387/24b1387/v_serviceChangeState/v_service.c/329/0/1492543422.897333710
========================================================================================
Report      : INFO
Date        : Tue Apr 18 12:23:43 PDT 2017
Description : The durability service can by identified by ID: 1965531746
Node        : Rivendell
Process     : java <10256>
Thread      : durability 7f8f0e8f0700
Internals   : V6.4.140320OSS/24b1387/24b1387/DurabilityService/d_durability.c/476/0/1492543423.102327053
========================================================================================
Report      : INFO
Date        : Tue Apr 18 12:23:50 PDT 2017
Description : ++++++++++++++++++++++++++++++++++++++++++++++++
              ++ The service 'durability' is now operational. 
              ++++++++++++++++++++++++++++++++++++++++++++++++
Node        : Rivendell
Process     : java <10256>
Thread      : durability 7f8f0e8f0700
Internals   : V6.4.140320OSS/24b1387/24b1387/v_serviceChangeState/v_service.c/329/0/1492543430.109800898
